0 info it worked if it ends with ok
1 verbose cli [ '/usr/local/bin/node', '/usr/local/bin/npm', 'run', 'wp-dev' ]
2 info using npm@3.10.10
3 info using node@v6.11.0
4 verbose run-script [ 'prewp-dev', 'wp-dev', 'postwp-dev' ]
5 info lifecycle dop_1@1.0.0~prewp-dev: dop_1@1.0.0
6 silly lifecycle dop_1@1.0.0~prewp-dev: no script for prewp-dev, continuing
7 info lifecycle dop_1@1.0.0~wp-dev: dop_1@1.0.0
8 verbose lifecycle dop_1@1.0.0~wp-dev: unsafe-perm in lifecycle true
9 verbose lifecycle dop_1@1.0.0~wp-dev: PATH: /usr/local/lib/node_modules/npm/bin/node-gyp-bin:/Users/nifty/workspaces/dop_1/node_modules/.bin:/Library/Frameworks/Python.framework/Versions/3.5/bin:/usr/local/bin:/usr/local/bin:/usr/bin:/bin:/usr/sbin:/sbin:/Users/nifty/mongodb/bin
10 verbose lifecycle dop_1@1.0.0~wp-dev: CWD: /Users/nifty/workspaces/dop_1
11 silly lifecycle dop_1@1.0.0~wp-dev: Args: [ '-c', 'webpack --progress --colors --watch' ]
12 silly lifecycle dop_1@1.0.0~wp-dev: Returned: code: 1  signal: null
13 info lifecycle dop_1@1.0.0~wp-dev: Failed to exec wp-dev script
14 verbose stack Error: dop_1@1.0.0 wp-dev: `webpack --progress --colors --watch`
14 verbose stack Exit status 1
14 verbose stack     at EventEmitter.<anonymous> (/usr/local/lib/node_modules/npm/lib/utils/lifecycle.js:255:16)
14 verbose stack     at emitTwo (events.js:106:13)
14 verbose stack     at EventEmitter.emit (events.js:191:7)
14 verbose stack     at ChildProcess.<anonymous> (/usr/local/lib/node_modules/npm/lib/utils/spawn.js:40:14)
14 verbose stack     at emitTwo (events.js:106:13)
14 verbose stack     at ChildProcess.emit (events.js:191:7)
14 verbose stack     at maybeClose (internal/child_process.js:891:16)
14 verbose stack     at Process.ChildProcess._handle.onexit (internal/child_process.js:226:5)
15 verbose pkgid dop_1@1.0.0
16 verbose cwd /Users/nifty/workspaces/dop_1
17 error Darwin 15.6.0
18 error argv "/usr/local/bin/node" "/usr/local/bin/npm" "run" "wp-dev"
19 error node v6.11.0
20 error npm  v3.10.10
21 error code ELIFECYCLE
22 error dop_1@1.0.0 wp-dev: `webpack --progress --colors --watch`
22 error Exit status 1
23 error Failed at the dop_1@1.0.0 wp-dev script 'webpack --progress --colors --watch'.
23 error Make sure you have the latest version of node.js and npm installed.
23 error If you do, this is most likely a problem with the dop_1 package,
23 error not with npm itself.
23 error Tell the author that this fails on your system:
23 error     webpack --progress --colors --watch
23 error You can get information on how to open an issue for this project with:
23 error     npm bugs dop_1
23 error Or if that isn't available, you can get their info via:
23 error     npm owner ls dop_1
23 error There is likely additional logging output above.
24 verbose exit [ 1, true ]
